<?xml version="1.0" encoding="UTF-8"?>
<!-- Generated by org.testng.reporters.JUnitReportReporter -->
<testsuite hostname="SUCHIKANT" failures="0" tests="1" name="Selenium.Demo1Test" time="0.013" errors="0" timestamp="2023-08-23T22:01:12 IST" skipped="0">
  <testcase classname="Selenium.Demo1Test" name="m1" time="0.013"/>
</testsuite> <!-- Selenium.Demo1Test -->
